[debug] [2020-01-30T16:10:24.776Z] ----------------------------------------------------------------------
[debug] [2020-01-30T16:10:24.778Z] Command:       C:\Program Files\nodejs\node.exe C:\Users\deepa\AppData\Roaming\npm\node_modules\firebase-tools\lib\bin\firebase.js init
[debug] [2020-01-30T16:10:24.778Z] CLI Version:   7.12.1
[debug] [2020-01-30T16:10:24.778Z] Platform:      win32
[debug] [2020-01-30T16:10:24.778Z] Node Version:  v12.14.0
[debug] [2020-01-30T16:10:24.779Z] Time:          Thu Jan 30 2020 21:40:24 GMT+0530 (India Standard Time)
[debug] [2020-01-30T16:10:24.779Z] ----------------------------------------------------------------------
[debug] [2020-01-30T16:10:24.779Z] 
[debug] [2020-01-30T16:10:24.787Z] > command requires scopes: ["email","openid","https://www.googleapis.com/auth/cloudplatformprojects.readonly","https://www.googleapis.com/auth/firebase","https://www.googleapis.com/auth/cloud-platform"]
[debug] [2020-01-30T16:10:24.788Z] > authorizing via signed-in user
[info] 
     ######## #### ########  ######## ########     ###     ######  ########
     ##        ##  ##     ## ##       ##     ##  ##   ##  ##       ##
     ######    ##  ########  ######   ########  #########  ######  ######
     ##        ##  ##    ##  ##       ##     ## ##     ##       ## ##
     ##       #### ##     ## ######## ########  ##     ##  ######  ########

You're about to initialize a Firebase project in this directory:

  F:\deepali\NODEJS (Academind)\Burger Builder ...Authentication

[info] 
=== Project Setup
[info] 
[info] First, let's associate this project directory with a Firebase project.
[info] You can create multiple project aliases by running firebase use --add, 
[info] but for now we'll just set up a default project.
[info] 
[debug] [2020-01-30T16:12:09.741Z] > refreshing access token with scopes: ["email","https://www.googleapis.com/auth/cloud-platform","https://www.googleapis.com/auth/cloudplatformprojects.readonly","https://www.googleapis.com/auth/firebase","openid"]
[debug] [2020-01-30T16:12:09.741Z] >>> HTTP REQUEST POST https://www.googleapis.com/oauth2/v3/token  
 <request body omitted>
[debug] [2020-01-30T16:12:10.029Z] <<< HTTP RESPONSE 200
[debug] [2020-01-30T16:12:10.151Z] >>> HTTP REQUEST GET https://firebase.googleapis.com/v1beta1/projects?pageSize=100  
 
[debug] [2020-01-30T16:12:10.642Z] <<< HTTP RESPONSE 200
[info] i  Using project bur-ger (bur-ger)
[info] 
=== Database Setup
[info] 
[info] Firebase Realtime Database Rules allow you to define how your data should be
[info] structured and when your data can be read from and written to.
[info] 
[debug] [2020-01-30T16:13:09.453Z] >>> HTTP REQUEST GET https://bur-ger.firebaseio.com/.settings/rules.json  
 
[debug] [2020-01-30T16:13:10.749Z] <<< HTTP RESPONSE 200
[debug] [2020-01-30T16:13:10.963Z] Error: EISDIR: illegal operation on a directory, open 'F:\deepali\NODEJS (Academind)\Burger Builder ...Authentication\build'
    at Object.openSync (fs.js:440:3)
    at Object.writeFileSync (fs.js:1265:35)
    at Config.writeProjectFile (C:\Users\deepa\AppData\Roaming\npm\node_modules\firebase-tools\lib\config.js:179:8)
    at C:\Users\deepa\AppData\Roaming\npm\node_modules\firebase-tools\lib\init\features\database.js:25:23
    at processTicksAndRejections (internal/process/task_queues.js:93:5)
[error] 
[error] Error: An unexpected error has occurred.
